<?xml version="1.0" encoding="UTF-8"?>
<!-- Generated by org.testng.reporters.JUnitReportReporter -->
<testsuite hostname="DESKTOP-91HRFE0" failures="0" tests="1" name="Test.GetApiTest" time="1.226" errors="0" timestamp="2022-12-14T13:15:32 IST" skipped="0">
  <testcase classname="Test.GetApiTest" name="getApiTest" time="1.226"/>
  <system-out/>
</testsuite> <!-- Test.GetApiTest -->
